[2025-09-28T13:08:36.274] [DEBUG] debug-file - env: nodejsVersion=v18.20.1
[2025-09-28T13:08:36.515] [DEBUG] debug-file - Hvigor init with startParameters:{
  hvigorfileTypeCheck: false,
  parallelExecution: true,
  incrementalExecution: true,
  printStackTrace: false,
  daemon: false,
  analyze: 0,
  logLevel: Level { level: 20000, levelStr: 'INFO', colour: 'green' },
  optimizationStrategy: 'memory',
  hotCompile: undefined,
  hotReloadBuild: undefined
}
[2025-09-28T13:08:37.173] [DEBUG] debug-file - hvigorfile, require result:  { default: { system: [Function: appTasks], plugins: [] } }
[2025-09-28T13:08:37.289] [DEBUG] debug-file - Start initialize project's product build option map with build mode debug.
[2025-09-28T13:08:37.291] [DEBUG] debug-file - Obtain build option for product 'default'in this build.
[2025-09-28T13:08:37.318] [DEBUG] debug-file - Project task initialization takes 2 ms 
[2025-09-28T13:08:37.329] [DEBUG] debug-file - Start initialize module-target build option map, moduleName=entry, buildMode=debug
[2025-09-28T13:08:37.335] [DEBUG] debug-file - project has submodules:entry
[2025-09-28T13:08:37.342] [DEBUG] debug-file - Start to initialize dependency information.
[2025-09-28T13:08:37.347] [DEBUG] debug-file - entry : clean cost memory 0.1048126220703125
[2025-09-28T13:08:37.295] [DEBUG] debug-file - Start recording SDK configuration permission data.
[2025-09-28T13:08:36.276] [DEBUG] debug-file - env: hvigor-config.json5 content = {
  modelVersion: '5.0.0',
  dependencies: {},
  execution: {},
  logging: {},
  debugging: {},
  nodeOptions: {}
}
[2025-09-28T13:08:36.515] [DEBUG] debug-file - Since current hvigor version 5.19.7 differs from last hvigor version 
      undefined, delete file-cache.json and task-cache.json.
[2025-09-28T13:08:37.354] [DEBUG] debug-file - Create  resident worker with id: 0.
[2025-09-28T13:08:37.173] [DEBUG] debug-file - hvigorfile, binding system plugins [Function: appTasks]
[2025-09-28T13:08:37.289] [DEBUG] debug-file - Picking option from product 'default' with build mode 'debug'.
[2025-09-28T13:08:37.318] [DEBUG] debug-file - hvigorfile, binding custom plugins []
[2025-09-28T13:08:37.329] [DEBUG] debug-file - Target 'default' config initialized
[2025-09-28T13:08:37.335] [DEBUG] debug-file - start to load updatedOhPackageInfo to the disk
[2025-09-28T13:08:37.292] [DEBUG] debug-file - No signingConfig found, initRemoteHspCache failed.
[2025-09-28T13:08:37.342] [DEBUG] debug-file - Module entry Collected Dependency: 
[2025-09-28T13:08:37.347] [DEBUG] debug-file - runTaskFromQueue task cost before running: 835 ms 
[2025-09-28T13:08:37.316] [DEBUG] debug-file - Sdk init in 24 ms 
[2025-09-28T13:08:36.278] [DEBUG] debug-file - env: daemon=false
[2025-09-28T13:08:36.516] [DEBUG] debug-file - Cache service initialization finished in 1 ms 
[2025-09-28T13:08:37.355] [DEBUG] debug-file - Create  resident worker with id: 1.
[2025-09-28T13:08:37.318] [DEBUG] debug-file - hvigorfile, no custom plugins were found in /Users/moqi/Desktop/Open_Harmony/code/MultiTabNavigation/hvigorfile.ts
[2025-09-28T13:08:37.293] [DEBUG] debug-file - Local scan or download HarmonyOS sdk components toolchains,ets,js,native,previewer
[2025-09-28T13:08:37.342] [DEBUG] debug-file - Module entry's total dependency: 0
[2025-09-28T13:08:37.348] [INFO] debug-file - Finished :entry:clean... after 1 ms 
[2025-09-28T13:08:37.329] [DEBUG] debug-file - Module 'entry' target 'default' build option initialized
[2025-09-28T13:08:37.338] [DEBUG] debug-file - load to the disk finished
[2025-09-28T13:08:37.290] [DEBUG] debug-file - Product 'default' build option initialized
[2025-09-28T13:08:36.278] [DEBUG] debug-file - no-daemon, use the parent process.execArgv --max-old-space-size=8192,--max-semi-space-size=16,--expose-gc
[2025-09-28T13:08:36.516] [DEBUG] debug-file - hvigorfile, resolving /Users/moqi/Desktop/Open_Harmony/code/MultiTabNavigation/hvigorfile.ts
[2025-09-28T13:08:37.356] [DEBUG] debug-file - Current worker pool is stopped or closed.
[2025-09-28T13:08:37.318] [DEBUG] debug-file - hvigorfile, resolve finished /Users/moqi/Desktop/Open_Harmony/code/MultiTabNavigation/hvigorfile.ts
[2025-09-28T13:08:37.344] [DEBUG] debug-file - Configuration phase cost:829 ms 
[2025-09-28T13:08:37.348] [DEBUG] debug-file - Executing task ::clean
[2025-09-28T13:08:37.329] [DEBUG] debug-file - End initialize module-target build option map, moduleName=entry
[2025-09-28T13:08:37.340] [DEBUG] debug-file - Start to initialize dependency information.
[2025-09-28T13:08:37.290] [DEBUG] debug-file - End initialize project's product build option map with build mode 'debug'.
[2025-09-28T13:08:37.294] [DEBUG] debug-file - Local scan or download hmscore sdk components toolchains,ets,native
[2025-09-28T13:08:37.356] [DEBUG] debug-file - Clear worker 0.
[2025-09-28T13:08:37.318] [DEBUG] debug-file - hvigorfile, resolving /Users/moqi/Desktop/Open_Harmony/code/MultiTabNavigation/entry/hvigorfile.ts
[2025-09-28T13:08:37.346] [DEBUG] debug-file - Configuration task cost before running: 834 ms 
[2025-09-28T13:08:37.348] [DEBUG] debug-file - clean: Worker pool is inactive.
[2025-09-28T13:08:37.330] [DEBUG] debug-file - Start initialize module-target build option map, moduleName=entry, buildMode=release
[2025-09-28T13:08:37.341] [DEBUG] debug-file - Module MultiTabNavigation Collected Dependency: 
[2025-09-28T13:08:37.356] [DEBUG] debug-file - Worker 0 has been cleared.
[2025-09-28T13:08:37.322] [DEBUG] debug-file - hvigorfile, require result:  { default: { system: [Function: hapTasks], plugins: [] } }
[2025-09-28T13:08:37.346] [DEBUG] debug-file - Executing task :entry:clean
[2025-09-28T13:08:37.348] [DEBUG] debug-file - MultiTabNavigation : clean cost memory 0.01915740966796875
[2025-09-28T13:08:37.330] [DEBUG] debug-file - Target 'default' config initialized
[2025-09-28T13:08:37.341] [DEBUG] debug-file - Module MultiTabNavigation's total dependency: 0
[2025-09-28T13:08:37.356] [DEBUG] debug-file - Current idle worker size: 1.
[2025-09-28T13:08:37.322] [DEBUG] debug-file - hvigorfile, binding system plugins [Function: hapTasks]
[2025-09-28T13:08:37.330] [DEBUG] debug-file - Module 'entry' target 'default' build option initialized
[2025-09-28T13:08:37.356] [DEBUG] debug-file - Current busy worker size: 0.
[2025-09-28T13:08:37.346] [DEBUG] debug-file - clean: Worker pool is inactive.
[2025-09-28T13:08:37.348] [DEBUG] debug-file - runTaskFromQueue task cost before running: 836 ms 
[2025-09-28T13:08:37.323] [DEBUG] debug-file - failed to load cangjie to dynamically generate schemas: Error: Cannot find module '@ohos/cangjie-build-support/index'
Require stack:
- /Applications/DevEco-Studio.app/Contents/tools/hvigor/hvigor-ohos-plugin/src/plugin/factory/plugin-factory.js
- /Applications/DevEco-Studio.app/Contents/tools/hvigor/hvigor-ohos-plugin/index.js
- /Users/moqi/Desktop/Open_Harmony/code/MultiTabNavigation/hvigorfile.ts
- /Applications/DevEco-Studio.app/Contents/tools/hvigor/hvigor/src/base/internal/lifecycle/configuration.js
- /Applications/DevEco-Studio.app/Contents/tools/hvigor/hvigor/src/base/boot/index.js
- /Applications/DevEco-Studio.app/Contents/tools/hvigor/hvigor/src/cli/main/cli.js
- /Applications/DevEco-Studio.app/Contents/tools/hvigor/hvigor/bin/hvigor.js
[2025-09-28T13:08:37.330] [DEBUG] debug-file - End initialize module-target build option map, moduleName=entry
[2025-09-28T13:08:37.356] [DEBUG] debug-file - Clear worker 1.
[2025-09-28T13:08:37.348] [INFO] debug-file - Finished ::clean... after 1 ms 
[2025-09-28T13:08:37.330] [DEBUG] debug-file - Start initialize module-target build option map, moduleName=entry, buildMode=debug
[2025-09-28T13:08:37.357] [DEBUG] debug-file - Worker 1 has been cleared.
[2025-09-28T13:08:37.348] [DEBUG] debug-file - Executing task :entry:init
[2025-09-28T13:08:37.330] [DEBUG] debug-file - Target 'default' config initialized
[2025-09-28T13:08:37.357] [DEBUG] debug-file - Current idle worker size: 0.
[2025-09-28T13:08:37.348] [DEBUG] debug-file - entry : init cost memory 0.0126953125
[2025-09-28T13:08:37.330] [DEBUG] debug-file - Module 'entry' target 'default' build option initialized
[2025-09-28T13:08:37.357] [DEBUG] debug-file - Current busy worker size: 0.
[2025-09-28T13:08:37.348] [DEBUG] debug-file - runTaskFromQueue task cost before running: 837 ms 
[2025-09-28T13:08:37.330] [DEBUG] debug-file - End initialize module-target build option map, moduleName=entry
[2025-09-28T13:08:37.357] [DEBUG] debug-file - hvigor build process will be closed.
[2025-09-28T13:08:37.348] [INFO] debug-file - Finished :entry:init... after 1 ms 
[2025-09-28T13:08:37.330] [DEBUG] debug-file - Obtain build option for module 'entry' target 'default'in this build.
[2025-09-28T13:08:37.361] [DEBUG] debug-file - worker[1] exits with exit code 0.
[2025-09-28T13:08:37.348] [DEBUG] debug-file - Executing task ::init
[2025-09-28T13:08:37.334] [DEBUG] debug-file - Module entry task initialization takes 4 ms 
[2025-09-28T13:08:37.361] [DEBUG] debug-file - worker[0] exits with exit code 0.
[2025-09-28T13:08:37.349] [DEBUG] debug-file - MultiTabNavigation : init cost memory 0.011474609375
[2025-09-28T13:08:37.334] [DEBUG] debug-file - hvigorfile, binding custom plugins []
[2025-09-28T13:08:37.362] [DEBUG] debug-file - Current worker pool is terminated.
[2025-09-28T13:08:37.349] [DEBUG] debug-file - runTaskFromQueue task cost before running: 837 ms 
[2025-09-28T13:08:37.334] [DEBUG] debug-file - hvigorfile, no custom plugins were found in /Users/moqi/Desktop/Open_Harmony/code/MultiTabNavigation/entry/hvigorfile.ts
[2025-09-28T13:08:37.349] [INFO] debug-file - Finished ::init... after 1 ms 
[2025-09-28T13:08:37.334] [DEBUG] debug-file - hvigorfile, resolve finished /Users/moqi/Desktop/Open_Harmony/code/MultiTabNavigation/entry/hvigorfile.ts
[2025-09-28T13:08:37.350] [DEBUG] debug-file - Obtain build option for module 'entry' target 'default'in this build.
[2025-09-28T13:08:37.353] [DEBUG] debug-file - Since there is no instance or instance is terminated, create a new worker pool.
[2025-09-28T13:08:37.353] [DEBUG] debug-file - Worker pool is initialized with config:  {
  minPoolNum: 2,
  maxPoolNum: undefined,
  maxCoreSize: undefined,
  cacheCapacity: undefined,
  cacheTtl: undefined
}
[2025-09-28T13:08:40.446] [DEBUG] debug-file - env: nodejsVersion=v18.20.1
[2025-09-28T13:08:40.463] [DEBUG] debug-file - env: daemon=true
[2025-09-28T13:08:40.448] [DEBUG] debug-file - env: hvigor-config.json5 content = {
  modelVersion: '5.0.0',
  dependencies: {},
  execution: {},
  logging: {},
  debugging: {},
  nodeOptions: {}
}
[2025-09-28T13:08:40.832] [DEBUG] debug-file - java daemon tryConnect success
[2025-09-28T13:08:40.844] [DEBUG] debug-file - session manager: set active socket. socketId=lzHXS8LGz2XSq3RHAAAB
[2025-09-28T13:08:41.151] [DEBUG] debug-file - watch worker: worker id should be larger than 0. Nothing will be sent to any worker thread.
[2025-09-28T13:08:41.157] [DEBUG] debug-file - Hvigor init with startParameters:{
  hvigorfileTypeCheck: false,
  parallelExecution: true,
  incrementalExecution: true,
  printStackTrace: false,
  daemon: true,
  analyze: 0,
  logLevel: Level { level: 20000, levelStr: 'INFO', colour: 'green' },
  optimizationStrategy: 'memory',
  hotCompile: undefined,
  hotReloadBuild: undefined
}
[2025-09-28T13:08:41.158] [DEBUG] debug-file - Cache service initialization finished in 1 ms 
[2025-09-28T13:08:41.159] [DEBUG] debug-file - hvigorfile, resolving /Users/moqi/Desktop/Open_Harmony/code/MultiTabNavigation/hvigorfile.ts
[2025-09-28T13:08:41.757] [DEBUG] debug-file - hvigorfile, require result:  { default: { plugins: [] } }
[2025-09-28T13:08:41.758] [DEBUG] debug-file - hvigorfile, binding system plugins null
[2025-09-28T13:08:41.866] [DEBUG] debug-file - Start initialize project's product build option map with build mode debug.
[2025-09-28T13:08:41.866] [DEBUG] debug-file - Picking option from product 'default' with build mode 'debug'.
[2025-09-28T13:08:41.866] [DEBUG] debug-file - Product 'default' build option initialized
[2025-09-28T13:08:41.866] [DEBUG] debug-file - End initialize project's product build option map with build mode 'debug'.
[2025-09-28T13:08:41.867] [DEBUG] debug-file - Obtain build option for product 'default'in this build.
[2025-09-28T13:08:41.868] [DEBUG] debug-file - No signingConfig found, initRemoteHspCache failed.
[2025-09-28T13:08:41.869] [DEBUG] debug-file - Local scan or download HarmonyOS sdk components toolchains,ets,js,native,previewer
[2025-09-28T13:08:41.870] [DEBUG] debug-file - Local scan or download hmscore sdk components toolchains,ets,native
[2025-09-28T13:08:41.871] [DEBUG] debug-file - Start recording SDK configuration permission data.
[2025-09-28T13:08:41.890] [DEBUG] debug-file - Sdk init in 22 ms 
[2025-09-28T13:08:41.892] [DEBUG] debug-file - Project task initialization takes 2 ms 
[2025-09-28T13:08:41.893] [DEBUG] debug-file - hvigorfile, binding custom plugins []
[2025-09-28T13:08:41.893] [DEBUG] debug-file - hvigorfile, no custom plugins were found in /Users/moqi/Desktop/Open_Harmony/code/MultiTabNavigation/hvigorfile.ts
[2025-09-28T13:08:41.893] [DEBUG] debug-file - hvigorfile, resolve finished /Users/moqi/Desktop/Open_Harmony/code/MultiTabNavigation/hvigorfile.ts
[2025-09-28T13:08:41.893] [DEBUG] debug-file - hvigorfile, resolving /Users/moqi/Desktop/Open_Harmony/code/MultiTabNavigation/entry/hvigorfile.ts
[2025-09-28T13:08:41.896] [DEBUG] debug-file - hvigorfile, require result:  { default: { plugins: [] } }
[2025-09-28T13:08:41.896] [DEBUG] debug-file - hvigorfile, binding system plugins null
[2025-09-28T13:08:41.896] [DEBUG] debug-file - failed to load cangjie to dynamically generate schemas: Error: Cannot find module '@ohos/cangjie-build-support/index'
Require stack:
- /Applications/DevEco-Studio.app/Contents/tools/hvigor/hvigor-ohos-plugin/src/plugin/factory/plugin-factory.js
- /Applications/DevEco-Studio.app/Contents/tools/hvigor/hvigor-ohos-plugin/index.js
- /Users/moqi/Desktop/Open_Harmony/code/MultiTabNavigation/hvigorfile.ts
- /Applications/DevEco-Studio.app/Contents/tools/hvigor/hvigor/src/base/internal/lifecycle/configuration.js
- /Applications/DevEco-Studio.app/Contents/tools/hvigor/hvigor/src/base/boot/index.js
- /Applications/DevEco-Studio.app/Contents/tools/hvigor/hvigor/src/base/daemon/cluster/worker-process-lifecycle.js
- /Applications/DevEco-Studio.app/Contents/tools/hvigor/hvigor/src/base/daemon/process/daemon-process-boot-script.js
[2025-09-28T13:08:41.902] [DEBUG] debug-file - Start initialize module-target build option map, moduleName=entry, buildMode=debug
[2025-09-28T13:08:41.902] [DEBUG] debug-file - Target 'default' config initialized
[2025-09-28T13:08:41.903] [DEBUG] debug-file - Module 'entry' target 'default' build option initialized
[2025-09-28T13:08:41.903] [DEBUG] debug-file - End initialize module-target build option map, moduleName=entry
[2025-09-28T13:08:41.903] [DEBUG] debug-file - Start initialize module-target build option map, moduleName=entry, buildMode=release
[2025-09-28T13:08:41.903] [DEBUG] debug-file - Target 'default' config initialized
[2025-09-28T13:08:41.903] [DEBUG] debug-file - Module 'entry' target 'default' build option initialized
[2025-09-28T13:08:41.903] [DEBUG] debug-file - End initialize module-target build option map, moduleName=entry
[2025-09-28T13:08:41.903] [DEBUG] debug-file - Start initialize module-target build option map, moduleName=entry, buildMode=debug
[2025-09-28T13:08:41.903] [DEBUG] debug-file - Target 'default' config initialized
[2025-09-28T13:08:41.903] [DEBUG] debug-file - Module 'entry' target 'default' build option initialized
[2025-09-28T13:08:41.903] [DEBUG] debug-file - End initialize module-target build option map, moduleName=entry
[2025-09-28T13:08:41.903] [DEBUG] debug-file - Obtain build option for module 'entry' target 'default'in this build.
[2025-09-28T13:08:41.906] [DEBUG] debug-file - Module entry task initialization takes 3 ms 
[2025-09-28T13:08:41.906] [DEBUG] debug-file - hvigorfile, binding custom plugins []
[2025-09-28T13:08:41.906] [DEBUG] debug-file - hvigorfile, no custom plugins were found in /Users/moqi/Desktop/Open_Harmony/code/MultiTabNavigation/entry/hvigorfile.ts
[2025-09-28T13:08:41.906] [DEBUG] debug-file - hvigorfile, resolve finished /Users/moqi/Desktop/Open_Harmony/code/MultiTabNavigation/entry/hvigorfile.ts
[2025-09-28T13:08:41.952] [DEBUG] debug-file - hvigorfile, resolve hvigorfile dependencies in 46 ms 
[2025-09-28T13:08:41.952] [DEBUG] debug-file - project has submodules:entry
[2025-09-28T13:08:41.952] [DEBUG] debug-file - start to load updatedOhPackageInfo to the disk
[2025-09-28T13:08:41.954] [DEBUG] debug-file - load to the disk finished
[2025-09-28T13:08:41.955] [DEBUG] debug-file - Start to initialize dependency information.
[2025-09-28T13:08:41.955] [DEBUG] debug-file - Module MultiTabNavigation Collected Dependency: 
[2025-09-28T13:08:41.955] [DEBUG] debug-file - Module MultiTabNavigation's total dependency: 0
[2025-09-28T13:08:41.956] [DEBUG] debug-file - Start to initialize dependency information.
[2025-09-28T13:08:41.956] [DEBUG] debug-file - Module entry Collected Dependency: 
[2025-09-28T13:08:41.956] [DEBUG] debug-file - Module entry's total dependency: 0
[2025-09-28T13:08:41.958] [DEBUG] debug-file - Configuration phase cost:800 ms 
[2025-09-28T13:08:41.959] [DEBUG] debug-file - Configuration task cost before running: 806 ms 
[2025-09-28T13:08:41.960] [DEBUG] debug-file - jsonObjWithoutParam {} at undefined
[2025-09-28T13:08:41.960] [DEBUG] debug-file - jsonObjWithoutParam {"name":"entry","version":"1.0.0","description":"Please describe the basic information.","main":"","author":"","license":"","dependencies":{}} at undefined
[2025-09-28T13:08:41.962] [DEBUG] debug-file - Executing task :entry:default@PreBuild
[2025-09-28T13:08:41.963] [DEBUG] debug-file - jsonObjWithoutParam {} at undefined
[2025-09-28T13:08:41.964] [DEBUG] debug-file - jsonObjWithoutParam {"name":"entry","version":"1.0.0","description":"Please describe the basic information.","main":"","author":"","license":"","dependencies":{}} at undefined
[2025-09-28T13:08:42.029] [DEBUG] debug-file - current product is not Atomic service.
[2025-09-28T13:08:42.029] [DEBUG] debug-file - Use tool [darwin: JAVA_HOME, CLASSPATH]
 [
  {
    JAVA_HOME: '/Applications/DevEco-Studio.app/Contents/jbr/Contents/Home'
  },
  { CLASSPATH: undefined }
]
[2025-09-28T13:08:42.029] [DEBUG] debug-file - Use tool [darwin: NODE_HOME]
 [
  {
    NODE_HOME: '/Applications/DevEco-Studio.app/Contents/tools/node/bin'
  }
]
[2025-09-28T13:08:42.029] [DEBUG] debug-file - entry : default@PreBuild cost memory 7.1278839111328125
[2025-09-28T13:08:42.029] [DEBUG] debug-file - runTaskFromQueue task cost before running: 876 ms 
[2025-09-28T13:08:42.030] [INFO] debug-file - Finished :entry:default@PreBuild... after 68 ms 
[2025-09-28T13:08:42.030] [DEBUG] debug-file - jsonObjWithoutParam {} at undefined
[2025-09-28T13:08:42.030] [DEBUG] debug-file - jsonObjWithoutParam {"name":"entry","version":"1.0.0","description":"Please describe the basic information.","main":"","author":"","license":"","dependencies":{}} at undefined
[2025-09-28T13:08:42.030] [DEBUG] debug-file - Executing task :entry:default@CreateModuleInfo
[2025-09-28T13:08:42.030] [DEBUG] debug-file - Task 'entry:default@CreateModuleInfo' cost while wrapping incremental declarations: 1 ms 
[2025-09-28T13:08:42.031] [DEBUG] debug-file - entry : default@CreateModuleInfo cost memory 0.040679931640625
[2025-09-28T13:08:42.031] [DEBUG] debug-file - runTaskFromQueue task cost before running: 877 ms 
[2025-09-28T13:08:42.031] [INFO] debug-file - Finished :entry:default@CreateModuleInfo... after 1 ms 
[2025-09-28T13:08:42.031] [DEBUG] debug-file - jsonObjWithoutParam {} at undefined
[2025-09-28T13:08:42.031] [DEBUG] debug-file - jsonObjWithoutParam {"name":"entry","version":"1.0.0","description":"Please describe the basic information.","main":"","author":"","license":"","dependencies":{}} at undefined
[2025-09-28T13:08:42.031] [DEBUG] debug-file - Executing task :entry:default@GenerateMetadata
[2025-09-28T13:08:42.031] [DEBUG] debug-file - Task 'entry:default@GenerateMetadata' cost while wrapping incremental declarations: 1 ms 
[2025-09-28T13:08:42.031] [DEBUG] debug-file - jsonObjWithoutParam {} at undefined
[2025-09-28T13:08:42.031] [DEBUG] debug-file - jsonObjWithoutParam {"name":"entry","version":"1.0.0","description":"Please describe the basic information.","main":"","author":"","license":"","dependencies":{}} at undefined
[2025-09-28T13:08:42.032] [DEBUG] debug-file - entry : default@GenerateMetadata cost memory 0.0867767333984375
[2025-09-28T13:08:42.032] [DEBUG] debug-file - runTaskFromQueue task cost before running: 879 ms 
[2025-09-28T13:08:42.032] [INFO] debug-file - Finished :entry:default@GenerateMetadata... after 2 ms 
[2025-09-28T13:08:42.032] [DEBUG] debug-file - jsonObjWithoutParam {} at undefined
[2025-09-28T13:08:42.033] [DEBUG] debug-file - jsonObjWithoutParam {"name":"entry","version":"1.0.0","description":"Please describe the basic information.","main":"","author":"","license":"","dependencies":{}} at undefined
[2025-09-28T13:08:42.033] [DEBUG] debug-file - Executing task :entry:default@ConfigureCmake
[2025-09-28T13:08:42.033] [DEBUG] debug-file - jsonObjWithoutParam {} at undefined
[2025-09-28T13:08:42.033] [DEBUG] debug-file - jsonObjWithoutParam {"name":"entry","version":"1.0.0","description":"Please describe the basic information.","main":"","author":"","license":"","dependencies":{}} at undefined
[2025-09-28T13:08:42.033] [DEBUG] debug-file - entry : default@ConfigureCmake cost memory 0.04010772705078125
[2025-09-28T13:08:42.033] [DEBUG] debug-file - runTaskFromQueue task cost before running: 880 ms 
[2025-09-28T13:08:42.033] [INFO] debug-file - Finished :entry:default@ConfigureCmake... after 1 ms 
[2025-09-28T13:08:42.033] [DEBUG] debug-file - jsonObjWithoutParam {} at undefined
[2025-09-28T13:08:42.033] [DEBUG] debug-file - jsonObjWithoutParam {"name":"entry","version":"1.0.0","description":"Please describe the basic information.","main":"","author":"","license":"","dependencies":{}} at undefined
[2025-09-28T13:08:42.033] [DEBUG] debug-file - Executing task :entry:default@MergeProfile
[2025-09-28T13:08:42.034] [DEBUG] debug-file - jsonObjWithoutParam {} at undefined
[2025-09-28T13:08:42.034] [DEBUG] debug-file - jsonObjWithoutParam {"name":"entry","version":"1.0.0","description":"Please describe the basic information.","main":"","author":"","license":"","dependencies":{}} at undefined
[2025-09-28T13:08:42.034] [DEBUG] debug-file - Change app api release type with 'Release'
[2025-09-28T13:08:42.034] [DEBUG] debug-file - Change app compile API version with '5.1.1.212'
[2025-09-28T13:08:42.034] [DEBUG] debug-file - Change app target API version with '50005017'
[2025-09-28T13:08:42.034] [DEBUG] debug-file - Change app minimum API version with '50005017'
[2025-09-28T13:08:42.034] [DEBUG] debug-file - Use cli appEnvironment
[2025-09-28T13:08:42.035] [DEBUG] debug-file - entry : default@MergeProfile cost memory 0.1586151123046875
[2025-09-28T13:08:42.035] [DEBUG] debug-file - runTaskFromQueue task cost before running: 881 ms 
[2025-09-28T13:08:42.035] [INFO] debug-file - Finished :entry:default@MergeProfile... after 2 ms 
[2025-09-28T13:08:42.035] [DEBUG] debug-file - jsonObjWithoutParam {} at undefined
[2025-09-28T13:08:42.035] [DEBUG] debug-file - jsonObjWithoutParam {"name":"entry","version":"1.0.0","description":"Please describe the basic information.","main":"","author":"","license":"","dependencies":{}} at undefined
[2025-09-28T13:08:42.035] [DEBUG] debug-file - Executing task :entry:default@CreateBuildProfile
[2025-09-28T13:08:42.035] [DEBUG] debug-file - Task 'entry:default@CreateBuildProfile' cost while wrapping incremental declarations: 1 ms 
[2025-09-28T13:08:42.036] [DEBUG] debug-file - jsonObjWithoutParam {} at undefined
[2025-09-28T13:08:42.036] [DEBUG] debug-file - jsonObjWithoutParam {"name":"entry","version":"1.0.0","description":"Please describe the basic information.","main":"","author":"","license":"","dependencies":{}} at undefined
[2025-09-28T13:08:42.036] [DEBUG] debug-file - entry : default@CreateBuildProfile cost memory 0.09027099609375
[2025-09-28T13:08:42.036] [DEBUG] debug-file - runTaskFromQueue task cost before running: 883 ms 
[2025-09-28T13:08:42.036] [INFO] debug-file - Finished :entry:default@CreateBuildProfile... after 1 ms 
[2025-09-28T13:08:42.037] [DEBUG] debug-file - jsonObjWithoutParam {} at undefined
[2025-09-28T13:08:42.037] [DEBUG] debug-file - jsonObjWithoutParam {"name":"entry","version":"1.0.0","description":"Please describe the basic information.","main":"","author":"","license":"","dependencies":{}} at undefined
[2025-09-28T13:08:42.037] [DEBUG] debug-file - Executing task :entry:default@PreCheckSyscap
[2025-09-28T13:08:42.037] [DEBUG] debug-file - jsonObjWithoutParam {} at undefined
[2025-09-28T13:08:42.037] [DEBUG] debug-file - jsonObjWithoutParam {"name":"entry","version":"1.0.0","description":"Please describe the basic information.","main":"","author":"","license":"","dependencies":{}} at undefined
[2025-09-28T13:08:42.037] [DEBUG] debug-file - entry : default@PreCheckSyscap cost memory 0.1860504150390625
[2025-09-28T13:08:42.037] [DEBUG] debug-file - runTaskFromQueue task cost before running: 884 ms 
[2025-09-28T13:08:42.037] [INFO] debug-file - Finished :entry:default@PreCheckSyscap... after 1 ms 
[2025-09-28T13:08:42.038] [DEBUG] debug-file - jsonObjWithoutParam {} at undefined
[2025-09-28T13:08:42.038] [DEBUG] debug-file - jsonObjWithoutParam {"name":"entry","version":"1.0.0","description":"Please describe the basic information.","main":"","author":"","license":"","dependencies":{}} at undefined
[2025-09-28T13:08:42.038] [DEBUG] debug-file - Executing task :entry:default@GeneratePkgContextInfo
[2025-09-28T13:08:42.042] [DEBUG] debug-file - Task 'entry:default@GeneratePkgContextInfo' cost while wrapping incremental declarations: 1 ms 
[2025-09-28T13:08:42.042] [DEBUG] debug-file - entry : default@GeneratePkgContextInfo cost memory 0.2102813720703125
[2025-09-28T13:08:42.042] [DEBUG] debug-file - runTaskFromQueue task cost before running: 889 ms 
[2025-09-28T13:08:42.042] [INFO] debug-file - Finished :entry:default@GeneratePkgContextInfo... after 4 ms 
[2025-09-28T13:08:42.042] [DEBUG] debug-file - jsonObjWithoutParam {} at undefined
[2025-09-28T13:08:42.042] [DEBUG] debug-file - jsonObjWithoutParam {"name":"entry","version":"1.0.0","description":"Please describe the basic information.","main":"","author":"","license":"","dependencies":{}} at undefined
[2025-09-28T13:08:42.043] [DEBUG] debug-file - Executing task :entry:default@ProcessIntegratedHsp
[2025-09-28T13:08:42.043] [DEBUG] debug-file - jsonObjWithoutParam {} at undefined
[2025-09-28T13:08:42.043] [DEBUG] debug-file - jsonObjWithoutParam {"name":"entry","version":"1.0.0","description":"Please describe the basic information.","main":"","author":"","license":"","dependencies":{}} at undefined
[2025-09-28T13:08:42.043] [DEBUG] debug-file - entry : default@ProcessIntegratedHsp cost memory 0.0568389892578125
[2025-09-28T13:08:42.044] [DEBUG] debug-file - runTaskFromQueue task cost before running: 890 ms 
[2025-09-28T13:08:42.044] [INFO] debug-file - Finished :entry:default@ProcessIntegratedHsp... after 1 ms 
[2025-09-28T13:08:42.044] [DEBUG] debug-file - jsonObjWithoutParam {} at undefined
[2025-09-28T13:08:42.044] [DEBUG] debug-file - jsonObjWithoutParam {"name":"entry","version":"1.0.0","description":"Please describe the basic information.","main":"","author":"","license":"","dependencies":{}} at undefined
[2025-09-28T13:08:42.044] [DEBUG] debug-file - Executing task :entry:default@BuildNativeWithCmake
[2025-09-28T13:08:42.044] [DEBUG] debug-file - jsonObjWithoutParam {} at undefined
[2025-09-28T13:08:42.044] [DEBUG] debug-file - jsonObjWithoutParam {"name":"entry","version":"1.0.0","description":"Please describe the basic information.","main":"","author":"","license":"","dependencies":{}} at undefined
[2025-09-28T13:08:42.044] [DEBUG] debug-file - entry : default@BuildNativeWithCmake cost memory 0.0415191650390625
[2025-09-28T13:08:42.044] [DEBUG] debug-file - runTaskFromQueue task cost before running: 891 ms 
[2025-09-28T13:08:42.044] [INFO] debug-file - Finished :entry:default@BuildNativeWithCmake... after 1 ms 
[2025-09-28T13:08:42.045] [DEBUG] debug-file - jsonObjWithoutParam {} at undefined
[2025-09-28T13:08:42.045] [DEBUG] debug-file - jsonObjWithoutParam {"name":"entry","version":"1.0.0","description":"Please describe the basic information.","main":"","author":"","license":"","dependencies":{}} at undefined
[2025-09-28T13:08:42.045] [DEBUG] debug-file - Executing task :entry:default@MakePackInfo
[2025-09-28T13:08:42.045] [DEBUG] debug-file - jsonObjWithoutParam {} at undefined
[2025-09-28T13:08:42.045] [DEBUG] debug-file - jsonObjWithoutParam {"name":"entry","version":"1.0.0","description":"Please describe the basic information.","main":"","author":"","license":"","dependencies":{}} at undefined
[2025-09-28T13:08:42.046] [DEBUG] debug-file - Module Pack Info:  {
  summary: {
    app: { bundleName: 'c***s', bundleType: 'app', version: [Object] },
    modules: [ [Object] ]
  },
  packages: [
    {
      deviceType: [Array],
      moduleType: 'entry',
      deliveryWithInstall: true,
      name: 'entry-default'
    }
  ]
}
[2025-09-28T13:08:42.046] [DEBUG] debug-file - entry : default@MakePackInfo cost memory 0.369903564453125
[2025-09-28T13:08:42.046] [DEBUG] debug-file - runTaskFromQueue task cost before running: 893 ms 
[2025-09-28T13:08:42.047] [INFO] debug-file - Finished :entry:default@MakePackInfo... after 2 ms 
[2025-09-28T13:08:42.047] [DEBUG] debug-file - jsonObjWithoutParam {} at undefined
[2025-09-28T13:08:42.047] [DEBUG] debug-file - jsonObjWithoutParam {"name":"entry","version":"1.0.0","description":"Please describe the basic information.","main":"","author":"","license":"","dependencies":{}} at undefined
[2025-09-28T13:08:42.047] [DEBUG] debug-file - Executing task :entry:default@SyscapTransform
[2025-09-28T13:08:42.047] [DEBUG] debug-file - File: '/Users/moqi/Desktop/Open_Harmony/code/MultiTabNavigation/entry/src/main/syscap.json' from 'sysCapJsonPath' is not exists, just ignore.
[2025-09-28T13:08:42.048] [DEBUG] debug-file - Task 'entry:default@SyscapTransform' cost while wrapping incremental declarations: 1 ms 
[2025-09-28T13:08:42.048] [DEBUG] debug-file - jsonObjWithoutParam {} at undefined
[2025-09-28T13:08:42.048] [DEBUG] debug-file - jsonObjWithoutParam {"name":"entry","version":"1.0.0","description":"Please describe the basic information.","main":"","author":"","license":"","dependencies":{}} at undefined
[2025-09-28T13:08:42.048] [DEBUG] debug-file - entry : default@SyscapTransform cost memory 0.08026123046875
[2025-09-28T13:08:42.048] [DEBUG] debug-file - runTaskFromQueue task cost before running: 895 ms 
[2025-09-28T13:08:42.048] [INFO] debug-file - Finished :entry:default@SyscapTransform... after 1 ms 
[2025-09-28T13:08:42.048] [DEBUG] debug-file - jsonObjWithoutParam {} at undefined
[2025-09-28T13:08:42.048] [DEBUG] debug-file - jsonObjWithoutParam {"name":"entry","version":"1.0.0","description":"Please describe the basic information.","main":"","author":"","license":"","dependencies":{}} at undefined
[2025-09-28T13:08:42.049] [DEBUG] debug-file - Executing task :entry:default@ProcessProfile
[2025-09-28T13:08:42.049] [DEBUG] debug-file - jsonObjWithoutParam {} at undefined
[2025-09-28T13:08:42.049] [DEBUG] debug-file - jsonObjWithoutParam {"name":"entry","version":"1.0.0","description":"Please describe the basic information.","main":"","author":"","license":"","dependencies":{}} at undefined
[2025-09-28T13:08:42.049] [DEBUG] debug-file - [
  '/Applications/DevEco-Studio.app/Contents/tools/node/bin/node',
  '/Applications/DevEco-Studio.app/Contents/sdk/default/openharmony/ets/build-tools/ets-loader/bin/ark/ts2abc.js',
  '--target-api-version',
  '17'
]
[2025-09-28T13:08:42.099] [DEBUG] debug-file - 12.0.6.0
[2025-09-28T13:08:42.101] [DEBUG] debug-file - entry : default@ProcessProfile cost memory 0.28189849853515625
[2025-09-28T13:08:42.101] [DEBUG] debug-file - runTaskFromQueue task cost before running: 947 ms 
[2025-09-28T13:08:42.101] [INFO] debug-file - Finished :entry:default@ProcessProfile... after 52 ms 
[2025-09-28T13:08:42.101] [DEBUG] debug-file - jsonObjWithoutParam {} at undefined
[2025-09-28T13:08:42.101] [DEBUG] debug-file - jsonObjWithoutParam {"name":"entry","version":"1.0.0","description":"Please describe the basic information.","main":"","author":"","license":"","dependencies":{}} at undefined
[2025-09-28T13:08:42.101] [DEBUG] debug-file - Executing task :entry:default@ProcessRouterMap
[2025-09-28T13:08:42.102] [DEBUG] debug-file - jsonObjWithoutParam {} at undefined
[2025-09-28T13:08:42.102] [DEBUG] debug-file - jsonObjWithoutParam {"name":"entry","version":"1.0.0","description":"Please describe the basic information.","main":"","author":"","license":"","dependencies":{}} at undefined
[2025-09-28T13:08:42.103] [DEBUG] debug-file - entry : default@ProcessRouterMap cost memory 0.09264373779296875
[2025-09-28T13:08:42.103] [DEBUG] debug-file - runTaskFromQueue task cost before running: 949 ms 
[2025-09-28T13:08:42.103] [INFO] debug-file - Finished :entry:default@ProcessRouterMap... after 2 ms 
[2025-09-28T13:08:42.103] [DEBUG] debug-file - jsonObjWithoutParam {} at undefined
[2025-09-28T13:08:42.103] [DEBUG] debug-file - jsonObjWithoutParam {"name":"entry","version":"1.0.0","description":"Please describe the basic information.","main":"","author":"","license":"","dependencies":{}} at undefined
[2025-09-28T13:08:42.103] [DEBUG] debug-file - Executing task :entry:default@ProcessStartupConfig
[2025-09-28T13:08:42.103] [DEBUG] debug-file - Task 'entry:default@ProcessStartupConfig' cost while wrapping incremental declarations: 1 ms 
[2025-09-28T13:08:42.103] [DEBUG] debug-file - jsonObjWithoutParam {} at undefined
[2025-09-28T13:08:42.103] [DEBUG] debug-file - jsonObjWithoutParam {"name":"entry","version":"1.0.0","description":"Please describe the basic information.","main":"","author":"","license":"","dependencies":{}} at undefined
[2025-09-28T13:08:42.104] [DEBUG] debug-file - entry : default@ProcessStartupConfig cost memory 0.0880279541015625
[2025-09-28T13:08:42.104] [DEBUG] debug-file - runTaskFromQueue task cost before running: 950 ms 
[2025-09-28T13:08:42.104] [INFO] debug-file - Finished :entry:default@ProcessStartupConfig... after 1 ms 
[2025-09-28T13:08:42.104] [DEBUG] debug-file - jsonObjWithoutParam {} at undefined
[2025-09-28T13:08:42.104] [DEBUG] debug-file - jsonObjWithoutParam {"name":"entry","version":"1.0.0","description":"Please describe the basic information.","main":"","author":"","license":"","dependencies":{}} at undefined
[2025-09-28T13:08:42.104] [DEBUG] debug-file - Executing task :entry:default@BuildNativeWithNinja
[2025-09-28T13:08:42.104] [DEBUG] debug-file - jsonObjWithoutParam {} at undefined
[2025-09-28T13:08:42.104] [DEBUG] debug-file - jsonObjWithoutParam {"name":"entry","version":"1.0.0","description":"Please describe the basic information.","main":"","author":"","license":"","dependencies":{}} at undefined
[2025-09-28T13:08:42.104] [DEBUG] debug-file - entry : default@BuildNativeWithNinja cost memory 0.0513763427734375
[2025-09-28T13:08:42.104] [DEBUG] debug-file - runTaskFromQueue task cost before running: 951 ms 
[2025-09-28T13:08:42.104] [INFO] debug-file - Finished :entry:default@BuildNativeWithNinja... after 1 ms 
[2025-09-28T13:08:42.105] [DEBUG] debug-file - jsonObjWithoutParam {} at undefined
[2025-09-28T13:08:42.105] [DEBUG] debug-file - jsonObjWithoutParam {"name":"entry","version":"1.0.0","description":"Please describe the basic information.","main":"","author":"","license":"","dependencies":{}} at undefined
[2025-09-28T13:08:42.105] [DEBUG] debug-file - restool module names: entry; moduleName=entry, taskName=default@ProcessResource
[2025-09-28T13:08:42.106] [DEBUG] debug-file - Executing task :entry:default@ProcessResource
[2025-09-28T13:08:42.106] [DEBUG] debug-file - Task 'entry:default@ProcessResource' cost while wrapping incremental declarations: 1 ms 
[2025-09-28T13:08:42.106] [DEBUG] debug-file - jsonObjWithoutParam {} at undefined
[2025-09-28T13:08:42.106] [DEBUG] debug-file - jsonObjWithoutParam {"name":"entry","version":"1.0.0","description":"Please describe the basic information.","main":"","author":"","license":"","dependencies":{}} at undefined
[2025-09-28T13:08:42.107] [DEBUG] debug-file - entry : default@ProcessResource cost memory 0.134796142578125
[2025-09-28T13:08:42.107] [DEBUG] debug-file - runTaskFromQueue task cost before running: 954 ms 
[2025-09-28T13:08:42.107] [INFO] debug-file - Finished :entry:default@ProcessResource... after 2 ms 
[2025-09-28T13:08:42.107] [DEBUG] debug-file - jsonObjWithoutParam {} at undefined
[2025-09-28T13:08:42.107] [DEBUG] debug-file - jsonObjWithoutParam {"name":"entry","version":"1.0.0","description":"Please describe the basic information.","main":"","author":"","license":"","dependencies":{}} at undefined
[2025-09-28T13:08:42.108] [DEBUG] debug-file - Executing task :entry:default@GenerateLoaderJson
[2025-09-28T13:08:42.108] [DEBUG] debug-file - Task 'entry:default@GenerateLoaderJson' cost while wrapping incremental declarations: 1 ms 
[2025-09-28T13:08:42.111] [DEBUG] debug-file - entry : default@GenerateLoaderJson cost memory 0.45432281494140625
[2025-09-28T13:08:42.111] [DEBUG] debug-file - runTaskFromQueue task cost before running: 958 ms 
[2025-09-28T13:08:42.112] [INFO] debug-file - Finished :entry:default@GenerateLoaderJson... after 4 ms 
[2025-09-28T13:08:42.112] [DEBUG] debug-file - jsonObjWithoutParam {} at undefined
[2025-09-28T13:08:42.112] [DEBUG] debug-file - jsonObjWithoutParam {"name":"entry","version":"1.0.0","description":"Please describe the basic information.","main":"","author":"","license":"","dependencies":{}} at undefined
[2025-09-28T13:08:42.112] [DEBUG] debug-file - Executing task :entry:default@ProcessLibs
[2025-09-28T13:08:42.112] [DEBUG] debug-file - jsonObjWithoutParam {} at undefined
[2025-09-28T13:08:42.112] [DEBUG] debug-file - jsonObjWithoutParam {"name":"entry","version":"1.0.0","description":"Please describe the basic information.","main":"","author":"","license":"","dependencies":{}} at undefined
[2025-09-28T13:08:42.114] [DEBUG] debug-file - Worker dispatch failed, running processLibs on main thread.
[2025-09-28T13:08:42.115] [DEBUG] debug-file - entry : default@ProcessLibs cost memory 0.5620040893554688
[2025-09-28T13:08:42.115] [DEBUG] debug-file - runTaskFromQueue task cost before running: 961 ms 
[2025-09-28T13:08:42.115] [INFO] debug-file - Finished :entry:default@ProcessLibs... after 3 ms 
[2025-09-28T13:08:42.115] [DEBUG] debug-file - jsonObjWithoutParam {} at undefined
[2025-09-28T13:08:42.115] [DEBUG] debug-file - jsonObjWithoutParam {"name":"entry","version":"1.0.0","description":"Please describe the basic information.","main":"","author":"","license":"","dependencies":{}} at undefined
[2025-09-28T13:08:42.115] [DEBUG] debug-file - restool module names: entry; moduleName=entry, taskName=default@CompileResource
[2025-09-28T13:08:42.115] [DEBUG] debug-file - Executing task :entry:default@CompileResource
[2025-09-28T13:08:42.198] [DEBUG] debug-file - Use tool [/Applications/DevEco-Studio.app/Contents/sdk/default/openharmony/toolchains/restool]
 [
  '/Applications/DevEco-Studio.app/Contents/sdk/default/openharmony/toolchains/restool',
  '-l',
  '/Users/moqi/Desktop/Open_Harmony/code/MultiTabNavigation/entry/build/default/intermediates/res/default/resConfig.json'
]
[2025-09-28T13:08:42.199] [DEBUG] debug-file - current process  memoryUsage: {
  rss: 267730944,
  heapTotal: 170246144,
  heapUsed: 144640056,
  external: 2880095,
  arrayBuffers: 986688
} os memoryUsage :31.820770263671875
[2025-09-28T13:08:42.206] [DEBUG] debug-file - Info: Pack: normal pack mode

[2025-09-28T13:08:42.248] [DEBUG] debug-file - Info: hardware concurrency count is : 10
Info: thread count is : 10

[2025-09-28T13:08:42.248] [DEBUG] debug-file - Info: thread pool is started

[2025-09-28T13:08:42.249] [DEBUG] debug-file - Info: GenericCompiler::CompileFiles

[2025-09-28T13:08:42.252] [DEBUG] debug-file - Info: GenericCompiler::CompileFiles

[2025-09-28T13:08:42.276] [DEBUG] debug-file - Info: GenericCompiler::CompileFiles

[2025-09-28T13:08:42.279] [DEBUG] debug-file - 09-28 13:08:42.278 31084 14736009 E C01400/ImageTranscoderUtils: DecodeToRGBA IN
09-28 13:08:42.278 31084 14736009 E C01400/ImageTranscoderUtils: ImageFilter IN /Users/moqi/Desktop/Open_Harmony/code/MultiTabNavigation/AppScope/resources/base/media/app_icon.png

[2025-09-28T13:08:42.282] [DEBUG] debug-file - 09-28 13:08:42.282 31084 14736009 E C01400/ImageTranscoder: TranscodeSLR Only zoom-out is supported.
Warning: ScaleImage failed, error message: INVALID_PARAMETERS, file path = /Users/moqi/Desktop/Open_Harmony/code/MultiTabNavigation/AppScope/resources/base/media/app_icon.png

[2025-09-28T13:08:42.282] [DEBUG] debug-file - 09-28 13:08:42.282 31084 14736009 E C01400/ImageTranscoderUtils: DecodeToRGBA IN
09-28 13:08:42.282 31084 14736009 E C01400/ImageTranscoderUtils: ImageFilter IN /Users/moqi/Desktop/Open_Harmony/code/MultiTabNavigation/entry/src/main/resources/base/media/icon.png

[2025-09-28T13:08:42.282] [DEBUG] debug-file - 09-28 13:08:42.282 31084 14736009 E C01400/ImageTranscoder: TranscodeSLR Only zoom-out is supported.
Warning: ScaleImage failed, error message: INVALID_PARAMETERS, file path = /Users/moqi/Desktop/Open_Harmony/code/MultiTabNavigation/entry/src/main/resources/base/media/icon.png

[2025-09-28T13:08:42.283] [DEBUG] debug-file - Info: restool resources compile success.

[2025-09-28T13:08:42.284] [DEBUG] debug-file - Info: thread pool is stopped

[2025-09-28T13:08:42.286] [DEBUG] debug-file - entry : default@CompileResource cost memory 0.9434127807617188
[2025-09-28T13:08:42.286] [DEBUG] debug-file - runTaskFromQueue task cost before running: 1 s 133 ms 
[2025-09-28T13:08:42.286] [INFO] debug-file - Finished :entry:default@CompileResource... after 171 ms 
[2025-09-28T13:08:42.287] [DEBUG] debug-file - jsonObjWithoutParam {} at undefined
[2025-09-28T13:08:42.287] [DEBUG] debug-file - jsonObjWithoutParam {"name":"entry","version":"1.0.0","description":"Please describe the basic information.","main":"","author":"","license":"","dependencies":{}} at undefined
[2025-09-28T13:08:42.287] [DEBUG] debug-file - Executing task :entry:default@DoNativeStrip
[2025-09-28T13:08:42.287] [DEBUG] debug-file - Task 'entry:default@DoNativeStrip' cost while wrapping incremental declarations: 1 ms 
[2025-09-28T13:08:42.287] [DEBUG] debug-file - jsonObjWithoutParam {} at undefined
[2025-09-28T13:08:42.287] [DEBUG] debug-file - jsonObjWithoutParam {"name":"entry","version":"1.0.0","description":"Please describe the basic information.","main":"","author":"","license":"","dependencies":{}} at undefined
[2025-09-28T13:08:42.288] [DEBUG] debug-file - entry : default@DoNativeStrip cost memory 0.07044219970703125
[2025-09-28T13:08:42.288] [DEBUG] debug-file - runTaskFromQueue task cost before running: 1 s 135 ms 
[2025-09-28T13:08:42.288] [INFO] debug-file - Finished :entry:default@DoNativeStrip... after 2 ms 
[2025-09-28T13:08:42.289] [DEBUG] debug-file - jsonObjWithoutParam {} at undefined
[2025-09-28T13:08:42.289] [DEBUG] debug-file - jsonObjWithoutParam {"name":"entry","version":"1.0.0","description":"Please describe the basic information.","main":"","author":"","license":"","dependencies":{}} at undefined
[2025-09-28T13:08:42.289] [DEBUG] debug-file - Executing task :entry:default@CompileArkTS
[2025-09-28T13:08:42.289] [DEBUG] debug-file - obfuscationOptions: undefined
[2025-09-28T13:08:42.294] [DEBUG] debug-file - build config:
[2025-09-28T13:08:42.294] [DEBUG] debug-file - {
  moduleType: 'entry',
  perf: 0,
  targetName: '.default',
  packageManagerType: 'ohpm',
  localPropertiesPath: '/Users/moqi/Desktop/Open_Harmony/code/MultiTabNavigation/local.properties',
  isPreview: false,
  isOhosTest: false,
  isLocalTest: false,
  buildMode: 'Debug',
  hotReloadBuild: undefined,
  watchMode: 'false',
  aceProfilePath: '/Users/moqi/Desktop/Open_Harmony/code/MultiTabNavigation/entry/build/default/intermediates/res/default/resources/base/profile',
  etsLoaderPath: '/Applications/DevEco-Studio.app/Contents/sdk/default/openharmony/ets/build-tools/ets-loader',
  modulePath: '/Users/moqi/Desktop/Open_Harmony/code/MultiTabNavigation/entry',
  testFrameworkPar: {
    testMode: undefined,
    coveragePathFilter: undefined,
    coverageMode: undefined
  },
  needCoverageInsert: false,
  debugLine: false,
  projectTopDir: '/Users/moqi/Desktop/Open_Harmony/code/MultiTabNavigation',
  compileSdkVersion: 19,
  compatibleSdkVersion: 17,
  compatibleSdkVersionStage: undefined,
  bundleName: 'c***s',
  etsLoaderVersion: '5.1.1.212',
  etsLoaderReleaseType: 'Release',
  aotCompileMode: 'type',
  apPath: '/Users/moqi/Desktop/Open_Harmony/code/MultiTabNavigation/entry/modules.ap',
  entryModuleName: 'entry',
  entryModuleVersion: '1.0.0',
  entryPackageName: 'entry',
  allModuleNameHash: 'dad8bbbee3b2b1a5d5441fd4256f8582',
  externalApiPaths: [ '/Applications/DevEco-Studio.app/Contents/sdk/default/hms/ets' ],
  compilerTypes: undefined,
  isCrossplatform: false,
  hvigorPluginFile: undefined,
  compilePluginPath: undefined,
  buildGeneratedProfilePath: '/Users/moqi/Desktop/Open_Harmony/code/MultiTabNavigation/entry/build/default/generated/profile/default',
  bundleType: 'app',
  arkTSVersion: undefined,
  apiVersion: 19,
  needCompleteSourcesMap: false,
  isFaMode: false,
  strictMode: undefined,
  buildDir: '/Users/moqi/Desktop/Open_Harmony/code/MultiTabNavigation/entry/build',
  deviceTypes: [ 'phone' ],
  useNormalizedOHMUrl: false,
  pkgContextInfo: undefined,
  ohPackagePathMap: {},
  dependencyAliasMap: {},
  permission: { requestPermissions: undefined, definePermissions: undefined },
  integratedHsp: false,
  projectArkOption: undefined,
  sourceMapDir: undefined,
  branchElimination: false,
  transformLib: undefined,
  caseSensitiveCheck: false,
  tsImportSendable: false,
  resolveConflictMode: true,
  depName2RootPath: {},
  depName2DepInfo: {},
  rootPathSet: [ '/Users/moqi/Desktop/Open_Harmony/code/MultiTabNavigation' ],
  useNativeResolver: true,
  shouldEmitJs: true,
  useTscResolve: false,
  singleFileEmit: false,
  userProjectConfig: {
    autoLazyImport: false,
    allowEmptyBundleName: false,
    reExportCheckMode: 'noCheck',
    executionMode: 'memory'
  },
  executionMode: 'memory',
  autoLazyImport: false,
  allowEmptyBundleName: false,
  reExportCheckMode: 'noCheck',
  arkCompileCachePath: '/Users/moqi/Desktop/Open_Harmony/code/MultiTabNavigation/entry/build/default/cache/default/default@CompileArkTS/esmodule',
  aceModuleJsonPath: '/Users/moqi/Desktop/Open_Harmony/code/MultiTabNavigation/entry/build/default/intermediates/res/default/ark_module.json',
  appResource: '/Users/moqi/Desktop/Open_Harmony/code/MultiTabNavigation/entry/build/default/intermediates/res/default/ResourceTable.txt',
  rawFileResource: '/Users/moqi/Desktop/Open_Harmony/code/MultiTabNavigation/entry/build/default/intermediates/res/default/resources/rawfile',
  resourceTableHash: 'cd82040c942653769d3df90793fd1f49',
  runtimeOS: 'HarmonyOS',
  sdkInfo: 'false:19:5.1.1.212:Release',
  aceModuleRoot: '/Users/moqi/Desktop/Open_Harmony/code/MultiTabNavigation/entry/src/main/ets',
  compileMode: 'esmodule',
  aceSuperVisualPath: '/Users/moqi/Desktop/Open_Harmony/code/MultiTabNavigation/entry/src/main/supervisual',
  aceBuildJson: '/Users/moqi/Desktop/Open_Harmony/code/MultiTabNavigation/entry/build/default/intermediates/loader/default/loader.json',
  cachePath: '/Users/moqi/Desktop/Open_Harmony/code/MultiTabNavigation/entry/build/default/cache/default/default@CompileArkTS/esmodule/debug',
  aceModuleBuild: '/Users/moqi/Desktop/Open_Harmony/code/MultiTabNavigation/entry/build/default/intermediates/loader_out/default/ets',
  supportChunks: true,
  declaredFilesPath: undefined,
  shouldCollectDirectImportees: false,
  isByteCodeHarOptimize: false,
  pkgNameToPkgBriefInfo: {
    entry: {
      pkgRoot: '/Users/moqi/Desktop/Open_Harmony/code/MultiTabNavigation/entry',
      originalSourceRoots: undefined,
      sourceRoots: [Array],
      pkgName: 'entry'
    }
  },
  projectModel: {
    '/Users/moqi/Desktop/Open_Harmony/code/MultiTabNavigation/entry/src/main': {
      moduleName: 'entry',
      modulePkgPath: '/Users/moqi/Desktop/Open_Harmony/code/MultiTabNavigation/entry',
      belongProjectPath: '/Users/moqi/Desktop/Open_Harmony/code/MultiTabNavigation'
    },
    '/Users/moqi/Desktop/Open_Harmony/code/MultiTabNavigation/entry': {
      moduleName: 'entry',
      modulePkgPath: '/Users/moqi/Desktop/Open_Harmony/code/MultiTabNavigation/entry',
      belongProjectPath: '/Users/moqi/Desktop/Open_Harmony/code/MultiTabNavigation'
    },
    '/Users/moqi/Desktop/Open_Harmony/code/MultiTabNavigation': {
      moduleName: 'MultiTabNavigation',
      modulePkgPath: '/Users/moqi/Desktop/Open_Harmony/code/MultiTabNavigation',
      belongProjectPath: '/Users/moqi/Desktop/Open_Harmony/code/MultiTabNavigation'
    }
  },
  pkgJsonFileHash: '905475d3476563114aaf54aa7e73fb42',
  allModulePaths: [ '/Users/moqi/Desktop/Open_Harmony/code/MultiTabNavigation/entry' ],
  routerMap: {},
  obfuscationOptions: undefined,
  compileBlockPkg: [],
  mockParams: {
    decorator: '@MockSetup',
    packageName: '@ohos/hamock',
    etsSourceRootPath: 'src/main/ets',
    mockConfigPath: undefined,
    mockConfigKey2ModuleInfo: {},
    source2ModuleIdMap: {}
  },
  copyCodeResourceEnable: true,
  copyCodeResourceExcludes: [],
  uiTransformOptimization: false,
  otherPaths: {
    'entry/*': [ '../*', '../../../build/default/generated/profile/default/*' ]
  },
  collectImportersConfig: undefined
}
[2025-09-28T13:08:42.294] [DEBUG] debug-file - Compile arkts with external api path: /Applications/DevEco-Studio.app/Contents/sdk/default/hms/ets
[2025-09-28T13:08:42.295] [DEBUG] debug-file - Since there is no instance or instance is terminated, create a new worker pool.
[2025-09-28T13:08:42.295] [DEBUG] debug-file - Worker pool is initialized with config:  {
  minPoolNum: 2,
  maxPoolNum: undefined,
  maxCoreSize: undefined,
  cacheCapacity: undefined,
  cacheTtl: undefined
}
[2025-09-28T13:08:42.295] [DEBUG] debug-file - Create  resident worker with id: 0.
[2025-09-28T13:08:42.296] [DEBUG] debug-file - Create  resident worker with id: 1.
[2025-09-28T13:08:42.297] [DEBUG] debug-file - default@CompileArkTS work[0] is submitted.
[2025-09-28T13:08:42.297] [DEBUG] debug-file - default@CompileArkTS work[0] is pushed to ready queue.
[2025-09-28T13:08:42.297] [DEBUG] debug-file - A work dispatched to worker[9] failed because unable to get work from ready queue.
[2025-09-28T13:08:42.298] [DEBUG] debug-file - A work dispatched to worker[8] failed because unable to get work from ready queue.
[2025-09-28T13:08:42.298] [DEBUG] debug-file - A work dispatched to worker[7] failed because unable to get work from ready queue.
[2025-09-28T13:08:42.298] [DEBUG] debug-file - A work dispatched to worker[6] failed because unable to get work from ready queue.
[2025-09-28T13:08:42.298] [DEBUG] debug-file - A work dispatched to worker[5] failed because unable to get work from ready queue.
[2025-09-28T13:08:42.298] [DEBUG] debug-file - Create  resident worker with id: 4.
[2025-09-28T13:08:42.298] [DEBUG] debug-file - default@CompileArkTS work[0] has been dispatched to worker[4].
[2025-09-28T13:08:42.298] [DEBUG] debug-file - default@CompileArkTS work[0] is dispatched.
[2025-09-28T13:08:42.298] [DEBUG] debug-file - CopyResources startTime: 1008681188625083
[2025-09-28T13:08:42.298] [DEBUG] debug-file - default@CompileArkTS work[1] is submitted.
[2025-09-28T13:08:42.298] [DEBUG] debug-file - default@CompileArkTS work[1] is pushed to ready queue.
[2025-09-28T13:08:42.298] [DEBUG] debug-file - A work dispatched to worker[9] failed because unable to get work from ready queue.
[2025-09-28T13:08:42.298] [DEBUG] debug-file - Create  resident worker with id: 8.
[2025-09-28T13:08:42.299] [DEBUG] debug-file - default@CompileArkTS work[1] has been dispatched to worker[8].
[2025-09-28T13:08:42.299] [DEBUG] debug-file - default@CompileArkTS work[1] is dispatched.
[2025-09-28T13:08:42.299] [DEBUG] debug-file - entry : default@CompileArkTS cost memory 1.7372970581054688
[2025-09-28T13:08:42.299] [DEBUG] debug-file - jsonObjWithoutParam {} at undefined
[2025-09-28T13:08:42.299] [DEBUG] debug-file - jsonObjWithoutParam {"name":"entry","version":"1.0.0","description":"Please describe the basic information.","main":"","author":"","license":"","dependencies":{}} at undefined
[2025-09-28T13:08:42.300] [DEBUG] debug-file - Executing task :entry:default@BuildJS
[2025-09-28T13:08:42.300] [DEBUG] debug-file - entry : default@BuildJS cost memory 0.0881500244140625
[2025-09-28T13:08:42.300] [DEBUG] debug-file - runTaskFromQueue task cost before running: 1 s 147 ms 
[2025-09-28T13:08:42.300] [INFO] debug-file - Finished :entry:default@BuildJS... after 1 ms 
[2025-09-28T13:08:42.300] [DEBUG] debug-file - jsonObjWithoutParam {} at undefined
[2025-09-28T13:08:42.301] [DEBUG] debug-file - jsonObjWithoutParam {"name":"entry","version":"1.0.0","description":"Please describe the basic information.","main":"","author":"","license":"","dependencies":{}} at undefined
[2025-09-28T13:08:42.301] [DEBUG] debug-file - Executing task :entry:default@CacheNativeLibs
[2025-09-28T13:08:42.301] [DEBUG] debug-file - Task 'entry:default@CacheNativeLibs' cost while wrapping incremental declarations: 1 ms 
[2025-09-28T13:08:42.301] [DEBUG] debug-file - jsonObjWithoutParam {} at undefined
[2025-09-28T13:08:42.301] [DEBUG] debug-file - jsonObjWithoutParam {"name":"entry","version":"1.0.0","description":"Please describe the basic information.","main":"","author":"","license":"","dependencies":{}} at undefined
[2025-09-28T13:08:42.301] [DEBUG] debug-file - default@CacheNativeLibs work[2] is submitted.
[2025-09-28T13:08:42.301] [DEBUG] debug-file - default@CacheNativeLibs work[2] is pushed to ready queue.
[2025-09-28T13:08:42.301] [DEBUG] debug-file - A work dispatched to worker[9] failed because unable to get work from ready queue.
[2025-09-28T13:08:42.301] [DEBUG] debug-file - A work dispatched to worker[8] failed because of worker busy.
[2025-09-28T13:08:42.301] [DEBUG] debug-file - Create  resident worker with id: 7.
[2025-09-28T13:08:42.301] [DEBUG] debug-file - default@CacheNativeLibs work[2] has been dispatched to worker[7].
[2025-09-28T13:08:42.301] [DEBUG] debug-file - default@CacheNativeLibs work[2] is dispatched.
[2025-09-28T13:08:42.301] [DEBUG] debug-file - entry : default@CacheNativeLibs cost memory 0.19286346435546875
[2025-09-28T13:08:42.704] [DEBUG] debug-file - worker[7] has one work done.
[2025-09-28T13:08:42.704] [DEBUG] debug-file - default@CacheNativeLibs work[2] done.
[2025-09-28T13:08:42.704] [DEBUG] debug-file - A work dispatched to worker[7] failed because unable to get work from ready queue.
[2025-09-28T13:08:42.704] [INFO] debug-file - Finished :entry:default@CacheNativeLibs... after 4 ms 
[2025-09-28T13:08:42.705] [DEBUG] debug-file - worker[8] has one work done.
[2025-09-28T13:08:42.705] [DEBUG] debug-file - CopyResources is end, endTime: 1008681595224416
[2025-09-28T13:08:42.705] [DEBUG] debug-file - default@CompileArkTS work[1] done.
[2025-09-28T13:08:42.705] [DEBUG] debug-file - A work dispatched to worker[8] failed because unable to get work from ready queue.
[2025-09-28T13:08:47.906] [DEBUG] debug-file - worker[4] has one work done.
[2025-09-28T13:08:47.906] [DEBUG] debug-file - Ark compile task finished.finished time is 1008686795764291
[2025-09-28T13:08:47.907] [DEBUG] debug-file - default@CompileArkTS work[0] done.
[2025-09-28T13:08:47.907] [DEBUG] debug-file - A work dispatched to worker[4] failed because unable to get work from ready queue.
[2025-09-28T13:08:47.907] [INFO] debug-file - Finished :entry:default@CompileArkTS... after 4 s 796 ms 
[2025-09-28T13:08:47.908] [DEBUG] debug-file - jsonObjWithoutParam {} at undefined
[2025-09-28T13:08:47.908] [DEBUG] debug-file - jsonObjWithoutParam {"name":"entry","version":"1.0.0","description":"Please describe the basic information.","main":"","author":"","license":"","dependencies":{}} at undefined
[2025-09-28T13:08:47.908] [DEBUG] debug-file - Executing task :entry:default@GeneratePkgModuleJson
[2025-09-28T13:08:47.908] [DEBUG] debug-file - Task 'entry:default@GeneratePkgModuleJson' cost while wrapping incremental declarations: 1 ms 
[2025-09-28T13:08:47.908] [DEBUG] debug-file - jsonObjWithoutParam {} at undefined
[2025-09-28T13:08:47.908] [DEBUG] debug-file - jsonObjWithoutParam {"name":"entry","version":"1.0.0","description":"Please describe the basic information.","main":"","author":"","license":"","dependencies":{}} at undefined
[2025-09-28T13:08:47.909] [DEBUG] debug-file - entry : default@GeneratePkgModuleJson cost memory 0.07062530517578125
[2025-09-28T13:08:47.909] [DEBUG] debug-file - runTaskFromQueue task cost before running: 6 s 756 ms 
[2025-09-28T13:08:47.909] [INFO] debug-file - Finished :entry:default@GeneratePkgModuleJson... after 1 ms 
[2025-09-28T13:08:47.910] [DEBUG] debug-file - jsonObjWithoutParam {} at undefined
[2025-09-28T13:08:47.910] [DEBUG] debug-file - jsonObjWithoutParam {"name":"entry","version":"1.0.0","description":"Please describe the basic information.","main":"","author":"","license":"","dependencies":{}} at undefined
[2025-09-28T13:08:47.910] [DEBUG] debug-file - Executing task :entry:default@PackageHap
[2025-09-28T13:08:47.911] [DEBUG] debug-file - jsonObjWithoutParam {} at undefined
[2025-09-28T13:08:47.911] [DEBUG] debug-file - jsonObjWithoutParam {"name":"entry","version":"1.0.0","description":"Please describe the basic information.","main":"","author":"","license":"","dependencies":{}} at undefined
[2025-09-28T13:08:47.911] [DEBUG] debug-file - Use tool [/Applications/DevEco-Studio.app/Contents/sdk/default/openharmony/toolchains/lib/app_packing_tool.jar]
 [
  'java',
  '-Dfile.encoding=utf-8',
  '-jar',
  '/Applications/DevEco-Studio.app/Contents/sdk/default/openharmony/toolchains/lib/app_packing_tool.jar',
  '--mode',
  'hap',
  '--force',
  'true',
  '--lib-path',
  '/Users/moqi/Desktop/Open_Harmony/code/MultiTabNavigation/entry/build/default/intermediates/stripped_native_libs/default',
  '--json-path',
  '/Users/moqi/Desktop/Open_Harmony/code/MultiTabNavigation/entry/build/default/intermediates/package/default/module.json',
  '--resources-path',
  '/Users/moqi/Desktop/Open_Harmony/code/MultiTabNavigation/entry/build/default/intermediates/res/default/resources',
  '--index-path',
  '/Users/moqi/Desktop/Open_Harmony/code/MultiTabNavigation/entry/build/default/intermediates/res/default/resources.index',
  '--pack-info-path',
  '/Users/moqi/Desktop/Open_Harmony/code/MultiTabNavigation/entry/build/default/outputs/default/pack.info',
  '--out-path',
  '/Users/moqi/Desktop/Open_Harmony/code/MultiTabNavigation/entry/build/default/outputs/default/entry-default-unsigned.hap',
  '--ets-path',
  '/Users/moqi/Desktop/Open_Harmony/code/MultiTabNavigation/entry/build/default/intermediates/loader_out/default/ets'
]
[2025-09-28T13:08:47.953] [DEBUG] debug-file - java daemon socket received message:{"code":0,"message":"pack success"}
[2025-09-28T13:08:47.954] [DEBUG] debug-file - entry : default@PackageHap cost memory 0.6310806274414062
[2025-09-28T13:08:47.954] [DEBUG] debug-file - runTaskFromQueue task cost before running: 6 s 801 ms 
[2025-09-28T13:08:47.954] [INFO] debug-file - Finished :entry:default@PackageHap... after 44 ms 
[2025-09-28T13:08:47.955] [DEBUG] debug-file - jsonObjWithoutParam {} at undefined
[2025-09-28T13:08:47.955] [DEBUG] debug-file - jsonObjWithoutParam {"name":"entry","version":"1.0.0","description":"Please describe the basic information.","main":"","author":"","license":"","dependencies":{}} at undefined
[2025-09-28T13:08:47.955] [DEBUG] debug-file - Executing task :entry:default@SignHap
[2025-09-28T13:08:47.955] [WARN] debug-file - Will skip sign 'hos_hap'. No signingConfigs profile is configured in current project.
             If needed, configure the signingConfigs in /Users/moqi/Desktop/Open_Harmony/code/MultiTabNavigation/build-profile.json5.
[2025-09-28T13:08:47.955] [DEBUG] debug-file - jsonObjWithoutParam {} at undefined
[2025-09-28T13:08:47.955] [DEBUG] debug-file - jsonObjWithoutParam {"name":"entry","version":"1.0.0","description":"Please describe the basic information.","main":"","author":"","license":"","dependencies":{}} at undefined
[2025-09-28T13:08:47.956] [DEBUG] debug-file - entry : default@SignHap cost memory 0.0800323486328125
[2025-09-28T13:08:47.956] [DEBUG] debug-file - runTaskFromQueue task cost before running: 6 s 802 ms 
[2025-09-28T13:08:47.956] [INFO] debug-file - Finished :entry:default@SignHap... after 1 ms 
[2025-09-28T13:08:47.956] [DEBUG] debug-file - jsonObjWithoutParam {} at undefined
[2025-09-28T13:08:47.956] [DEBUG] debug-file - jsonObjWithoutParam {"name":"entry","version":"1.0.0","description":"Please describe the basic information.","main":"","author":"","license":"","dependencies":{}} at undefined
[2025-09-28T13:08:47.956] [DEBUG] debug-file - Executing task :entry:default@CollectDebugSymbol
[2025-09-28T13:08:47.956] [DEBUG] debug-file - jsonObjWithoutParam {} at undefined
[2025-09-28T13:08:47.957] [DEBUG] debug-file - jsonObjWithoutParam {"name":"entry","version":"1.0.0","description":"Please describe the basic information.","main":"","author":"","license":"","dependencies":{}} at undefined
[2025-09-28T13:08:47.957] [DEBUG] debug-file - entry : default@CollectDebugSymbol cost memory 0.11480712890625
[2025-09-28T13:08:47.957] [DEBUG] debug-file - runTaskFromQueue task cost before running: 6 s 803 ms 
[2025-09-28T13:08:47.957] [INFO] debug-file - Finished :entry:default@CollectDebugSymbol... after 1 ms 
[2025-09-28T13:08:47.957] [DEBUG] debug-file - Executing task :entry:assembleHap
[2025-09-28T13:08:47.957] [DEBUG] debug-file - entry : assembleHap cost memory 0.0144195556640625
[2025-09-28T13:08:47.957] [DEBUG] debug-file - runTaskFromQueue task cost before running: 6 s 804 ms 
[2025-09-28T13:08:47.957] [INFO] debug-file - Finished :entry:assembleHap... after 1 ms 
[2025-09-28T13:08:47.958] [DEBUG] debug-file - BUILD SUCCESSFUL in 6 s 805 ms 
[2025-09-28T13:08:47.958] [DEBUG] debug-file - Update task entry:default@PreBuild input file:/Users/moqi/Desktop/Open_Harmony/code/MultiTabNavigation/AppScope/app.json5 cache by regenerate.
[2025-09-28T13:08:47.959] [DEBUG] debug-file - Update task entry:default@PreBuild input file:/Users/moqi/Desktop/Open_Harmony/code/MultiTabNavigation/entry/src/main/module.json5 cache by regenerate.
[2025-09-28T13:08:47.959] [DEBUG] debug-file - Update task entry:default@PreBuild input file:/Users/moqi/Desktop/Open_Harmony/code/MultiTabNavigation/build-profile.json5 cache by regenerate.
[2025-09-28T13:08:47.959] [DEBUG] debug-file - Update task entry:default@PreBuild input file:/Users/moqi/Desktop/Open_Harmony/code/MultiTabNavigation/entry/build-profile.json5 cache by regenerate.
[2025-09-28T13:08:47.959] [DEBUG] debug-file - Update task entry:default@PreBuild input file:/Users/moqi/Desktop/Open_Harmony/code/MultiTabNavigation/entry/src/main/resources/base/profile/main_pages.json cache by regenerate.
[2025-09-28T13:08:47.959] [DEBUG] debug-file - Update task entry:default@PreBuild input file:/Users/moqi/Desktop/Open_Harmony/code/MultiTabNavigation/hvigor/hvigor-config.json5 cache by regenerate.
[2025-09-28T13:08:47.959] [DEBUG] debug-file - Update task entry:default@PreBuild input file:/Users/moqi/Desktop/Open_Harmony/code/MultiTabNavigation/entry/oh-package.json5 cache by regenerate.
[2025-09-28T13:08:47.959] [DEBUG] debug-file - Update task entry:default@PreBuild input file:/Users/moqi/Desktop/Open_Harmony/code/MultiTabNavigation/oh-package.json5 cache by regenerate.
[2025-09-28T13:08:47.959] [DEBUG] debug-file - Incremental task entry:default@PreBuild post-execution cost:1 ms .
[2025-09-28T13:08:47.959] [DEBUG] debug-file - Update task entry:default@CreateModuleInfo output file:/Users/moqi/Desktop/Open_Harmony/code/MultiTabNavigation/entry/build/default/generated/profile/default/ModuleInfo.ts cache.
[2025-09-28T13:08:47.959] [DEBUG] debug-file - Incremental task entry:default@CreateModuleInfo post-execution cost:1 ms .
[2025-09-28T13:08:47.959] [DEBUG] debug-file - Update task entry:default@GenerateMetadata input file:/Users/moqi/Desktop/Open_Harmony/code/MultiTabNavigation/entry/src/main/module.json5 cache by regenerate.
[2025-09-28T13:08:47.959] [DEBUG] debug-file - Update task entry:default@GenerateMetadata output file:/Users/moqi/Desktop/Open_Harmony/code/MultiTabNavigation/entry/build/default/intermediates/hap_metadata/default/output_metadata.json cache.
[2025-09-28T13:08:47.959] [DEBUG] debug-file - Incremental task entry:default@GenerateMetadata post-execution cost:1 ms .
[2025-09-28T13:08:47.959] [DEBUG] debug-file - Update task entry:default@MergeProfile input file:/Users/moqi/Desktop/Open_Harmony/code/MultiTabNavigation/AppScope/app.json5 cache by regenerate.
[2025-09-28T13:08:47.960] [DEBUG] debug-file - Update task entry:default@MergeProfile input file:/Users/moqi/Desktop/Open_Harmony/code/MultiTabNavigation/build-profile.json5 cache by regenerate.
[2025-09-28T13:08:47.960] [DEBUG] debug-file - Update task entry:default@MergeProfile input file:/Users/moqi/Desktop/Open_Harmony/code/MultiTabNavigation/entry/src/main/module.json5 cache by regenerate.
[2025-09-28T13:08:47.960] [DEBUG] debug-file - Update task entry:default@MergeProfile output file:/Users/moqi/Desktop/Open_Harmony/code/MultiTabNavigation/entry/build/default/intermediates/merge_profile/default/module.json cache.
[2025-09-28T13:08:47.960] [DEBUG] debug-file - Incremental task entry:default@MergeProfile post-execution cost:1 ms .
[2025-09-28T13:08:47.960] [DEBUG] debug-file - Update task entry:default@CreateBuildProfile input file:/Users/moqi/Desktop/Open_Harmony/code/MultiTabNavigation/AppScope/app.json5 cache by regenerate.
[2025-09-28T13:08:47.960] [DEBUG] debug-file - Update task entry:default@CreateBuildProfile input file:/Users/moqi/Desktop/Open_Harmony/code/MultiTabNavigation/build-profile.json5 cache by regenerate.
[2025-09-28T13:08:47.960] [DEBUG] debug-file - Update task entry:default@CreateBuildProfile output file:/Users/moqi/Desktop/Open_Harmony/code/MultiTabNavigation/entry/build/default/generated/profile/default/BuildProfile.ets cache.
[2025-09-28T13:08:47.960] [DEBUG] debug-file - Incremental task entry:default@CreateBuildProfile post-execution cost:1 ms .
[2025-09-28T13:08:47.960] [DEBUG] debug-file - Update task entry:default@GeneratePkgContextInfo output file:/Users/moqi/Desktop/Open_Harmony/code/MultiTabNavigation/entry/build/default/intermediates/loader/default/pkgContextInfo.json cache.
[2025-09-28T13:08:47.960] [DEBUG] debug-file - Incremental task entry:default@GeneratePkgContextInfo post-execution cost:1 ms .
[2025-09-28T13:08:47.960] [DEBUG] debug-file - Update task entry:default@ProcessIntegratedHsp output file:/Users/moqi/Desktop/Open_Harmony/code/MultiTabNavigation/build/cache/default/integrated_hsp/integratedHspCache.json cache.
[2025-09-28T13:08:47.960] [DEBUG] debug-file - Incremental task entry:default@ProcessIntegratedHsp post-execution cost:1 ms .
[2025-09-28T13:08:47.960] [DEBUG] debug-file - Update task entry:default@MakePackInfo input file:/Users/moqi/Desktop/Open_Harmony/code/MultiTabNavigation/AppScope/app.json5 cache by regenerate.
[2025-09-28T13:08:47.960] [DEBUG] debug-file - Update task entry:default@MakePackInfo input file:/Users/moqi/Desktop/Open_Harmony/code/MultiTabNavigation/entry/src/main/module.json5 cache by regenerate.
[2025-09-28T13:08:47.960] [DEBUG] debug-file - Update task entry:default@MakePackInfo input file:/Users/moqi/Desktop/Open_Harmony/code/MultiTabNavigation/build-profile.json5 cache by regenerate.
[2025-09-28T13:08:47.960] [DEBUG] debug-file - Update task entry:default@MakePackInfo output file:/Users/moqi/Desktop/Open_Harmony/code/MultiTabNavigation/entry/build/default/outputs/default/pack.info cache.
[2025-09-28T13:08:47.960] [DEBUG] debug-file - Incremental task entry:default@MakePackInfo post-execution cost:1 ms .
[2025-09-28T13:08:47.960] [DEBUG] debug-file - Update task entry:default@SyscapTransform input file:/Applications/DevEco-Studio.app/Contents/sdk/default/openharmony/toolchains/syscap_tool cache by regenerate.
[2025-09-28T13:08:47.960] [DEBUG] debug-file - Update task entry:default@SyscapTransform input file:/Applications/DevEco-Studio.app/Contents/sdk/default/openharmony/ets/api/device-define cache by regenerate.
[2025-09-28T13:08:47.961] [DEBUG] debug-file - Update task entry:default@SyscapTransform output file:/Users/moqi/Desktop/Open_Harmony/code/MultiTabNavigation/entry/build/default/intermediates/syscap/default/rpcid.sc cache.
[2025-09-28T13:08:47.961] [DEBUG] debug-file - Incremental task entry:default@SyscapTransform post-execution cost:1 ms .
[2025-09-28T13:08:47.961] [DEBUG] debug-file - Update task entry:default@ProcessProfile input file:/Users/moqi/Desktop/Open_Harmony/code/MultiTabNavigation/entry/build/default/intermediates/merge_profile/default/module.json cache by regenerate.
[2025-09-28T13:08:47.961] [DEBUG] debug-file - Update task entry:default@ProcessProfile output file:/Users/moqi/Desktop/Open_Harmony/code/MultiTabNavigation/entry/build/default/intermediates/process_profile/default/module.json cache.
[2025-09-28T13:08:47.961] [DEBUG] debug-file - Incremental task entry:default@ProcessProfile post-execution cost:1 ms .
[2025-09-28T13:08:47.961] [DEBUG] debug-file - Update task entry:default@ProcessRouterMap input file:/Users/moqi/Desktop/Open_Harmony/code/MultiTabNavigation/entry/oh-package.json5 cache by regenerate.
[2025-09-28T13:08:47.961] [DEBUG] debug-file - Update task entry:default@ProcessRouterMap input file:/Users/moqi/Desktop/Open_Harmony/code/MultiTabNavigation/oh-package.json5 cache by regenerate.
[2025-09-28T13:08:47.961] [DEBUG] debug-file - Update task entry:default@ProcessRouterMap input file:/Users/moqi/Desktop/Open_Harmony/code/MultiTabNavigation/entry/src/main/module.json5 cache by regenerate.
[2025-09-28T13:08:47.961] [DEBUG] debug-file - Update task entry:default@ProcessRouterMap output file:/Users/moqi/Desktop/Open_Harmony/code/MultiTabNavigation/entry/build/default/intermediates/router_map/default/temp-router-map.json cache.
[2025-09-28T13:08:47.961] [DEBUG] debug-file - Update task entry:default@ProcessRouterMap output file:/Users/moqi/Desktop/Open_Harmony/code/MultiTabNavigation/entry/build/default/intermediates/router_map/default/loader-router-map.json cache.
[2025-09-28T13:08:47.961] [DEBUG] debug-file - Incremental task entry:default@ProcessRouterMap post-execution cost:1 ms .
[2025-09-28T13:08:47.961] [DEBUG] debug-file - Update task entry:default@ProcessStartupConfig output file:/Users/moqi/Desktop/Open_Harmony/code/MultiTabNavigation/entry/build/default/intermediates/startup/default/startup_config.json cache.
[2025-09-28T13:08:47.961] [DEBUG] debug-file - Incremental task entry:default@ProcessStartupConfig post-execution cost:1 ms .
[2025-09-28T13:08:47.961] [DEBUG] debug-file - Update task entry:default@ProcessResource output file:/Users/moqi/Desktop/Open_Harmony/code/MultiTabNavigation/entry/build/default/intermediates/res/default/resConfig.json cache.
[2025-09-28T13:08:47.961] [DEBUG] debug-file - Update task entry:default@ProcessResource output file:/Users/moqi/Desktop/Open_Harmony/code/MultiTabNavigation/entry/build/default/intermediates/res/default/opt-compression.json cache.
[2025-09-28T13:08:47.961] [DEBUG] debug-file - Incremental task entry:default@ProcessResource post-execution cost:1 ms .
[2025-09-28T13:08:47.962] [DEBUG] debug-file - Update task entry:default@GenerateLoaderJson input file:/Users/moqi/Desktop/Open_Harmony/code/MultiTabNavigation/entry/build/default/intermediates/router_map/default/temp-router-map.json cache by regenerate.
[2025-09-28T13:08:47.962] [DEBUG] debug-file - Update task entry:default@GenerateLoaderJson output file:/Users/moqi/Desktop/Open_Harmony/code/MultiTabNavigation/entry/build/default/intermediates/loader/default/loader.json cache.
[2025-09-28T13:08:47.962] [DEBUG] debug-file - Incremental task entry:default@GenerateLoaderJson post-execution cost:1 ms .
[2025-09-28T13:08:47.962] [DEBUG] debug-file - Update task entry:default@ProcessLibs input file:/Users/moqi/Desktop/Open_Harmony/code/MultiTabNavigation/build-profile.json5 cache by regenerate.
[2025-09-28T13:08:47.962] [DEBUG] debug-file - Update task entry:default@ProcessLibs input file:/Users/moqi/Desktop/Open_Harmony/code/MultiTabNavigation/entry/build-profile.json5 cache by regenerate.
[2025-09-28T13:08:47.962] [DEBUG] debug-file - Update task entry:default@ProcessLibs output file:/Users/moqi/Desktop/Open_Harmony/code/MultiTabNavigation/entry/build/default/intermediates/libs/default cache.
[2025-09-28T13:08:47.962] [DEBUG] debug-file - Incremental task entry:default@ProcessLibs post-execution cost:1 ms .
[2025-09-28T13:08:47.962] [DEBUG] debug-file - Update task entry:default@CompileResource input file:/Users/moqi/Desktop/Open_Harmony/code/MultiTabNavigation/entry/src/main/resources cache by regenerate.
[2025-09-28T13:08:47.963] [DEBUG] debug-file - Update task entry:default@CompileResource input file:/Users/moqi/Desktop/Open_Harmony/code/MultiTabNavigation/AppScope/resources cache by regenerate.
[2025-09-28T13:08:47.963] [DEBUG] debug-file - Update task entry:default@CompileResource input file:/Users/moqi/Desktop/Open_Harmony/code/MultiTabNavigation/entry/build/default/intermediates/process_profile/default/module.json cache by regenerate.
[2025-09-28T13:08:47.964] [DEBUG] debug-file - Update task entry:default@CompileResource input file:/Users/moqi/Desktop/Open_Harmony/code/MultiTabNavigation/entry/build/default/intermediates/res/default/resConfig.json cache by regenerate.
[2025-09-28T13:08:47.964] [DEBUG] debug-file - Update task entry:default@CompileResource output file:/Users/moqi/Desktop/Open_Harmony/code/MultiTabNavigation/entry/build/default/intermediates/res/default cache.
[2025-09-28T13:08:47.965] [DEBUG] debug-file - Update task entry:default@CompileResource output file:/Users/moqi/Desktop/Open_Harmony/code/MultiTabNavigation/entry/build/default/generated/r/default/ResourceTable.h cache.
[2025-09-28T13:08:47.965] [DEBUG] debug-file - Update task entry:default@CompileResource output file:/Users/moqi/Desktop/Open_Harmony/code/MultiTabNavigation/entry/build/default/generated/r/default cache.
[2025-09-28T13:08:47.965] [DEBUG] debug-file - Incremental task entry:default@CompileResource post-execution cost:4 ms .
[2025-09-28T13:08:47.965] [DEBUG] debug-file - Update task entry:default@DoNativeStrip input file:/Users/moqi/Desktop/Open_Harmony/code/MultiTabNavigation/entry/build/default/intermediates/libs/default cache by regenerate.
[2025-09-28T13:08:47.965] [DEBUG] debug-file - Update task entry:default@DoNativeStrip output file:/Users/moqi/Desktop/Open_Harmony/code/MultiTabNavigation/entry/build/default/intermediates/stripped_native_libs/default cache.
[2025-09-28T13:08:47.965] [DEBUG] debug-file - Incremental task entry:default@DoNativeStrip post-execution cost:1 ms .
[2025-09-28T13:08:47.965] [DEBUG] debug-file - Update task entry:default@CompileArkTS input file:/Users/moqi/Desktop/Open_Harmony/code/MultiTabNavigation/entry/build/default/intermediates/loader/default cache by regenerate.
[2025-09-28T13:08:47.965] [DEBUG] debug-file - Update task entry:default@CompileArkTS input file:/Users/moqi/Desktop/Open_Harmony/code/MultiTabNavigation/entry/build/default/intermediates/res/default/resources/rawfile cache by regenerate.
[2025-09-28T13:08:47.965] [DEBUG] debug-file - Update task entry:default@CompileArkTS input file:/Users/moqi/Desktop/Open_Harmony/code/MultiTabNavigation/entry/build/default/intermediates/res/default/ResourceTable.txt cache by regenerate.
[2025-09-28T13:08:47.965] [DEBUG] debug-file - Update task entry:default@CompileArkTS input file:/Users/moqi/Desktop/Open_Harmony/code/MultiTabNavigation/entry/build/default/intermediates/res/default/ark_module.json cache by regenerate.
[2025-09-28T13:08:47.965] [DEBUG] debug-file - Update task entry:default@CompileArkTS input file:/Users/moqi/Desktop/Open_Harmony/code/MultiTabNavigation/entry/build/default/intermediates/res/default/resources/base/profile cache by regenerate.
[2025-09-28T13:08:47.965] [DEBUG] debug-file - Update task entry:default@CompileArkTS input file:/Users/moqi/Desktop/Open_Harmony/code/MultiTabNavigation/entry/src/main/ets cache by regenerate.
[2025-09-28T13:08:47.966] [DEBUG] debug-file - Update task entry:default@CompileArkTS input file:/Users/moqi/Desktop/Open_Harmony/code/MultiTabNavigation/entry/build/default/generated/profile/default/BuildProfile.ets cache by regenerate.
[2025-09-28T13:08:47.966] [DEBUG] debug-file - Update task entry:default@CompileArkTS output file:/Users/moqi/Desktop/Open_Harmony/code/MultiTabNavigation/entry/build/default/intermediates/loader_out/default/ets cache.
[2025-09-28T13:08:47.966] [DEBUG] debug-file - Incremental task entry:default@CompileArkTS post-execution cost:2 ms .
[2025-09-28T13:08:47.966] [DEBUG] debug-file - Update task entry:default@BuildJS input file:/Users/moqi/Desktop/Open_Harmony/code/MultiTabNavigation/entry/build/default/intermediates/loader/default cache by regenerate.
[2025-09-28T13:08:47.966] [DEBUG] debug-file - Update task entry:default@BuildJS input file:/Users/moqi/Desktop/Open_Harmony/code/MultiTabNavigation/entry/build/default/intermediates/res/default/resources/rawfile cache by regenerate.
[2025-09-28T13:08:47.966] [DEBUG] debug-file - Update task entry:default@BuildJS input file:/Users/moqi/Desktop/Open_Harmony/code/MultiTabNavigation/entry/build/default/intermediates/res/default/ResourceTable.txt cache by regenerate.
[2025-09-28T13:08:47.966] [DEBUG] debug-file - Update task entry:default@BuildJS input file:/Users/moqi/Desktop/Open_Harmony/code/MultiTabNavigation/entry/build/default/intermediates/res/default/ark_module.json cache by regenerate.
[2025-09-28T13:08:47.966] [DEBUG] debug-file - Update task entry:default@BuildJS input file:/Users/moqi/Desktop/Open_Harmony/code/MultiTabNavigation/entry/build/default/intermediates/res/default/resources/base/profile cache by regenerate.
[2025-09-28T13:08:47.966] [DEBUG] debug-file - Update task entry:default@BuildJS output file:/Users/moqi/Desktop/Open_Harmony/code/MultiTabNavigation/entry/build/default/intermediates/loader_out/default/js cache.
[2025-09-28T13:08:47.967] [DEBUG] debug-file - Incremental task entry:default@BuildJS post-execution cost:1 ms .
[2025-09-28T13:08:47.967] [DEBUG] debug-file - Update task entry:default@CacheNativeLibs input file:/Users/moqi/Desktop/Open_Harmony/code/MultiTabNavigation/entry/build/default/intermediates/stripped_native_libs/default cache by regenerate.
[2025-09-28T13:08:47.967] [DEBUG] debug-file - Update task entry:default@CacheNativeLibs input file:/Users/moqi/Desktop/Open_Harmony/code/MultiTabNavigation/entry/build/default/intermediates/libs/default cache by regenerate.
[2025-09-28T13:08:47.967] [DEBUG] debug-file - Update task entry:default@CacheNativeLibs output file:/Users/moqi/Desktop/Open_Harmony/code/MultiTabNavigation/entry/build/default/intermediates/patch/default/base_native_libs.json cache.
[2025-09-28T13:08:47.967] [DEBUG] debug-file - Incremental task entry:default@CacheNativeLibs post-execution cost:1 ms .
[2025-09-28T13:08:47.967] [DEBUG] debug-file - Update task entry:default@GeneratePkgModuleJson input file:/Users/moqi/Desktop/Open_Harmony/code/MultiTabNavigation/entry/build/default/intermediates/res/default/module.json cache by regenerate.
[2025-09-28T13:08:47.967] [DEBUG] debug-file - Update task entry:default@GeneratePkgModuleJson output file:/Users/moqi/Desktop/Open_Harmony/code/MultiTabNavigation/entry/build/default/intermediates/package/default/module.json cache.
[2025-09-28T13:08:47.967] [DEBUG] debug-file - Incremental task entry:default@GeneratePkgModuleJson post-execution cost:1 ms .
[2025-09-28T13:08:47.967] [DEBUG] debug-file - Update task entry:default@PackageHap input file:/Users/moqi/Desktop/Open_Harmony/code/MultiTabNavigation/entry/build/default/intermediates/stripped_native_libs/default cache by regenerate.
[2025-09-28T13:08:47.967] [DEBUG] debug-file - Update task entry:default@PackageHap input file:/Users/moqi/Desktop/Open_Harmony/code/MultiTabNavigation/entry/build/default/intermediates/res/default/module.json cache by regenerate.
[2025-09-28T13:08:47.967] [DEBUG] debug-file - Update task entry:default@PackageHap input file:/Users/moqi/Desktop/Open_Harmony/code/MultiTabNavigation/entry/build/default/intermediates/res/default/resources cache by regenerate.
[2025-09-28T13:08:47.968] [DEBUG] debug-file - Update task entry:default@PackageHap input file:/Users/moqi/Desktop/Open_Harmony/code/MultiTabNavigation/entry/build/default/intermediates/res/default/resources.index cache by regenerate.
[2025-09-28T13:08:47.968] [DEBUG] debug-file - Update task entry:default@PackageHap input file:/Users/moqi/Desktop/Open_Harmony/code/MultiTabNavigation/entry/build/default/outputs/default/pack.info cache by regenerate.
[2025-09-28T13:08:47.968] [DEBUG] debug-file - Update task entry:default@PackageHap input file:/Users/moqi/Desktop/Open_Harmony/code/MultiTabNavigation/entry/build/default/intermediates/loader_out/default/ets cache by regenerate.
[2025-09-28T13:08:47.968] [DEBUG] debug-file - Update task entry:default@PackageHap input file:/Users/moqi/Desktop/Open_Harmony/code/MultiTabNavigation/entry/build/default/intermediates/loader_out/default/ets/sourceMaps.map cache by regenerate.
[2025-09-28T13:08:47.968] [DEBUG] debug-file - Update task entry:default@PackageHap input file:/Users/moqi/Desktop/Open_Harmony/code/MultiTabNavigation/entry/build/default/generated/profile/default/BuildProfile.ets cache by regenerate.
[2025-09-28T13:08:47.968] [DEBUG] debug-file - Update task entry:default@PackageHap output file:/Users/moqi/Desktop/Open_Harmony/code/MultiTabNavigation/entry/build/default/outputs/default/entry-default-unsigned.hap cache.
[2025-09-28T13:08:47.968] [DEBUG] debug-file - Update task entry:default@PackageHap output file:/Users/moqi/Desktop/Open_Harmony/code/MultiTabNavigation/entry/build/default/intermediates/source_map/default/sourceMaps.map cache.
[2025-09-28T13:08:47.968] [DEBUG] debug-file - Update task entry:default@PackageHap output file:/Users/moqi/Desktop/Open_Harmony/code/MultiTabNavigation/entry/build/default/outputs/default/mapping/sourceMaps.map cache.
[2025-09-28T13:08:47.968] [DEBUG] debug-file - Incremental task entry:default@PackageHap post-execution cost:2 ms .
[2025-09-28T13:08:47.968] [DEBUG] debug-file - Update task entry:default@SignHap input file:/Users/moqi/Desktop/Open_Harmony/code/MultiTabNavigation/entry/build/default/outputs/default/entry-default-unsigned.hap cache by regenerate.
[2025-09-28T13:08:47.968] [DEBUG] debug-file - Update task entry:default@SignHap output file:/Users/moqi/Desktop/Open_Harmony/code/MultiTabNavigation/entry/build/default/outputs/default/entry-default-signed.hap cache.
[2025-09-28T13:08:47.968] [DEBUG] debug-file - Incremental task entry:default@SignHap post-execution cost:1 ms .
[2025-09-28T13:08:47.968] [DEBUG] debug-file - Update task entry:default@CollectDebugSymbol input file:/Users/moqi/Desktop/Open_Harmony/code/MultiTabNavigation/entry/build/default/intermediates/loader_out/default/ets/sourceMaps.map cache by regenerate.
[2025-09-28T13:08:47.968] [DEBUG] debug-file - Update task entry:default@CollectDebugSymbol input file:/Users/moqi/Desktop/Open_Harmony/code/MultiTabNavigation/entry/build/default/intermediates/libs/default cache by regenerate.
[2025-09-28T13:08:47.968] [DEBUG] debug-file - Update task entry:default@CollectDebugSymbol output file:/Users/moqi/Desktop/Open_Harmony/code/MultiTabNavigation/entry/build/default/outputs/default/symbol cache.
[2025-09-28T13:08:47.968] [DEBUG] debug-file - Incremental task entry:default@CollectDebugSymbol post-execution cost:1 ms .
[2025-09-28T13:08:47.975] [DEBUG] debug-file - Cleanup worker 0.
[2025-09-28T13:08:47.975] [DEBUG] debug-file - Worker 0 has been cleaned up.
[2025-09-28T13:08:47.975] [DEBUG] debug-file - Current idle worker size: 4.
[2025-09-28T13:08:47.975] [DEBUG] debug-file - Current resident worker size: 5.
[2025-09-28T13:08:47.975] [DEBUG] debug-file - Cleanup worker 1.
[2025-09-28T13:08:47.975] [DEBUG] debug-file - Worker 1 has been cleaned up.
[2025-09-28T13:08:47.975] [DEBUG] debug-file - Current idle worker size: 3.
[2025-09-28T13:08:47.975] [DEBUG] debug-file - Current resident worker size: 5.
[2025-09-28T13:08:47.975] [DEBUG] debug-file - Cleanup worker 7.
[2025-09-28T13:08:47.975] [DEBUG] debug-file - Worker 7 has been cleaned up.
[2025-09-28T13:08:47.975] [DEBUG] debug-file - Current idle worker size: 2.
[2025-09-28T13:08:47.975] [DEBUG] debug-file - Current resident worker size: 5.
[2025-09-28T13:08:47.975] [DEBUG] debug-file - Cleanup worker 8.
[2025-09-28T13:08:47.975] [DEBUG] debug-file - Worker 8 has been cleaned up.
[2025-09-28T13:08:47.975] [DEBUG] debug-file - Current idle worker size: 1.
[2025-09-28T13:08:47.975] [DEBUG] debug-file - Current resident worker size: 5.
[2025-09-28T13:08:47.976] [DEBUG] debug-file - hvigor build process will be closed.
[2025-09-28T13:08:47.977] [DEBUG] debug-file - session manager: send message to worker process.
[2025-09-28T13:08:47.977] [DEBUG] debug-file - session manager: send message to worker process.
[2025-09-28T13:08:47.978] [DEBUG] debug-file - java daemon socket close code:1000 reason:close by user
[2025-09-28T13:08:47.978] [DEBUG] debug-file - watch worker: worker id should be larger than 0. Nothing will be sent to any worker thread.
[2025-09-28T13:08:47.978] [DEBUG] debug-file - watch worker: worker id should be larger than 0. Nothing will be sent to any worker thread.
[2025-09-28T13:08:47.981] [DEBUG] debug-file - worker[1] exits with exit code 1.
[2025-09-28T13:08:47.981] [DEBUG] debug-file - worker[0] exits with exit code 1.
[2025-09-28T13:08:47.983] [DEBUG] debug-file - worker[7] exits with exit code 1.
[2025-09-28T13:08:47.983] [DEBUG] debug-file - worker[8] exits with exit code 1.
